<?xml version="1.0" encoding="UTF-8"?>
<!-- Generated by org.testng.reporters.JUnitReportReporter -->
<testsuite hostname="Khushbus-MacBook-Pro.local" failures="0" tests="1" name="test1.monthdropdown" time="4.261" errors="0" timestamp="2023-03-30T11:28:26 GMT-05:00" skipped="0">
  <testcase classname="test1.monthdropdown" name="usershouldbeabletoseemonthdropdown" time="4.261"/>
  <system-out/>
</testsuite> <!-- test1.monthdropdown -->
